<?xml version="1.0" encoding="UTF-8"?>
<testsuite xmlns:xsi="http://www.w3.org/2001/XMLSchema-instance" xsi:noNamespaceSchemaLocation="https://maven.apache.org/surefire/maven-surefire-plugin/xsd/surefire-test-report-3.0.xsd" version="3.0" name="com.upb.agripos.PaymentTest" time="0.006" tests="3" errors="0" skipped="0" failures="0">
  <properties>
[...]
</properties>
  <testcase name="testCashPayment" classname="com.upb.agripos.PaymentTest" time="0.004">
    <system-out><![CDATA[Memproses pembayaran tunai sebesar: 100000.0
]]></system-out>
  </testcase>
  <testcase name="testPaymentFactoryInvalid" classname="com.upb.agripos.PaymentTest" time="0.0"/>
  <testcase name="testEWalletPaymentSuccess" classname="com.upb.agripos.PaymentTest" time="0.001">
    <system-out><![CDATA[Menghubungi Gateway untuk E-Wallet...
]]></system-out>
  </testcase>
</testsuite>